<?xml version="1.0" encoding="UTF-8"?>
<robot generator="Robot 7.3.1 (Python 3.10.6 on win32)" generated="2025-06-27T12:09:30.844639" rpa="false" schemaversion="5">
<suite id="s1" name="Cadastro" source="D:\facul\estagio\rystei-Sistema-MR-Telles\cadastro.robot">
<test id="s1-t1" name="Teste Cadastro Usuário" line="11">
<kw name="Evaluate" owner="BuiltIn">
<msg time="2025-06-27T12:09:31.227898" level="INFO">${options} = &lt;selenium.webdriver.chrome.options.Options object at 0x000001CBC5E305E0&gt;</msg>
<var>${options}</var>
<arg>sys.modules['selenium.webdriver'].ChromeOptions()</arg>
<arg>sys, selenium.webdriver</arg>
<doc>Evaluates the given expression in Python and returns the result.</doc>
<status status="PASS" start="2025-06-27T12:09:31.226897" elapsed="0.001001"/>
</kw>
<kw name="Create Webdriver" owner="SeleniumLibrary">
<msg time="2025-06-27T12:09:31.228898" level="INFO">Creating an instance of the Chrome WebDriver.</msg>
<arg>Chrome</arg>
<arg>options=${options}</arg>
<doc>Creates an instance of Selenium WebDriver.</doc>
<status status="PASS" start="2025-06-27T12:09:31.228898" elapsed="1.234961"/>
</kw>
<kw name="Go To" owner="SeleniumLibrary">
<msg time="2025-06-27T12:09:32.464856" level="INFO">Opening url 'http://localhost:8000/register'</msg>
<arg>${URL}</arg>
<doc>Navigates the current browser window to the provided ``url``.</doc>
<status status="PASS" start="2025-06-27T12:09:32.464856" elapsed="0.581285"/>
</kw>
<kw name="Input Text" owner="SeleniumLibrary">
<msg time="2025-06-27T12:09:33.047141" level="INFO">Typing text 'Test User' into text field 'id=name'.</msg>
<arg>id=name</arg>
<arg>${NOME}</arg>
<doc>Types the given ``text`` into the text field identified by ``locator``.</doc>
<status status="PASS" start="2025-06-27T12:09:33.046141" elapsed="0.085605"/>
</kw>
<kw name="Input Text" owner="SeleniumLibrary">
<msg time="2025-06-27T12:09:33.132735" level="INFO">Typing text 'testuser@example.com' into text field 'id=email'.</msg>
<arg>id=email</arg>
<arg>${EMAIL}</arg>
<doc>Types the given ``text`` into the text field identified by ``locator``.</doc>
<status status="PASS" start="2025-06-27T12:09:33.132735" elapsed="0.084257"/>
</kw>
<kw name="Input Text" owner="SeleniumLibrary">
<msg time="2025-06-27T12:09:33.217240" level="INFO">Typing text '123456' into text field 'id=password'.</msg>
<arg>id=password</arg>
<arg>${SENHA}</arg>
<doc>Types the given ``text`` into the text field identified by ``locator``.</doc>
<status status="PASS" start="2025-06-27T12:09:33.217240" elapsed="0.068007"/>
</kw>
<kw name="Input Text" owner="SeleniumLibrary">
<msg time="2025-06-27T12:09:33.286246" level="INFO">Typing text '123456' into text field 'id=password_confirmation'.</msg>
<arg>id=password_confirmation</arg>
<arg>${SENHA}</arg>
<doc>Types the given ``text`` into the text field identified by ``locator``.</doc>
<status status="PASS" start="2025-06-27T12:09:33.286246" elapsed="0.067186"/>
</kw>
<kw name="Click Button" owner="SeleniumLibrary">
<msg time="2025-06-27T12:09:33.354444" level="INFO">Clicking button 'xpath=//button[contains(text(),'Cadastrar')]'.</msg>
<arg>xpath=//button[contains(text(),'Cadastrar')]</arg>
<doc>Clicks the button identified by ``locator``.</doc>
<status status="PASS" start="2025-06-27T12:09:33.354444" elapsed="0.801399"/>
</kw>
<kw name="Page Should Contain" owner="SeleniumLibrary">
<msg time="2025-06-27T12:09:34.174845" level="INFO">Current page contains text 'Cadastro'.</msg>
<arg>Cadastro</arg>
<doc>Verifies that current page contains ``text``.</doc>
<status status="PASS" start="2025-06-27T12:09:34.156842" elapsed="0.018003"/>
</kw>
<kw name="Close Browser" owner="SeleniumLibrary">
<doc>Closes the current browser.</doc>
<status status="PASS" start="2025-06-27T12:09:34.175847" elapsed="2.165239"/>
</kw>
<status status="PASS" start="2025-06-27T12:09:31.224896" elapsed="5.116190"/>
</test>
<status status="PASS" start="2025-06-27T12:09:30.844639" elapsed="5.497450"/>
</suite>
<statistics>
<total>
<stat pass="1" fail="0" skip="0">All Tests</stat>
</total>
<tag>
</tag>
<suite>
<stat name="Cadastro" id="s1" pass="1" fail="0" skip="0">Cadastro</stat>
</suite>
</statistics>
<errors>
</errors>
</robot>
